<?xml version="1.0" encoding="UTF-8"?>
<testng-results skipped="0" failed="0" total="1" passed="1">
  <reporter-output>
  </reporter-output>
  <suite name="Surefire suite" duration-ms="57" started-at="2019-02-26T09:18:36Z" finished-at="2019-02-26T09:18:36Z">
    <groups>
    </groups>
    <test name="Surefire test" duration-ms="57" started-at="2019-02-26T09:18:36Z" finished-at="2019-02-26T09:18:36Z">
      <class name="qait.AppTest">
        <test-method status="PASS" signature="testApp()[pri:0, instance:testApp(qait.AppTest)]" name="testApp" duration-ms="2" started-at="2019-02-26T14:48:36Z" finished-at="2019-02-26T14:48:36Z">
          <reporter-output>
          </reporter-output>
        </test-method> <!-- testApp -->
      </class> <!-- qait.AppTest -->
    </test> <!-- Surefire test -->
  </suite> <!-- Surefire suite -->
</testng-results>
